\BOOKMARK [1][-]{section.1}{Objectives}{}% 1
\BOOKMARK [2][-]{subsection.1.1}{Auto-Tagging}{section.1}% 2
\BOOKMARK [2][-]{subsection.1.2}{Performance Prediction}{section.1}% 3
\BOOKMARK [1][-]{section.2}{Completion Status}{}% 4
\BOOKMARK [1][-]{section.3}{Results and Discussions}{}% 5
\BOOKMARK [2][-]{subsection.3.1}{Auto-Tagging Problem}{section.3}% 6
\BOOKMARK [3][-]{subsubsection.3.1.1}{Neural Network}{subsection.3.1}% 7
\BOOKMARK [3][-]{subsubsection.3.1.2}{k-Means Clustering}{subsection.3.1}% 8
\BOOKMARK [3][-]{subsubsection.3.1.3}{Competitive Learning}{subsection.3.1}% 9
\BOOKMARK [3][-]{subsubsection.3.1.4}{Expectation Maximization Algorithm}{subsection.3.1}% 10
\BOOKMARK [3][-]{subsubsection.3.1.5}{Weighted Clustering}{subsection.3.1}% 11
\BOOKMARK [2][-]{subsection.3.2}{Performance Prediction Problem}{section.3}% 12
\BOOKMARK [3][-]{subsubsection.3.2.1}{Features}{subsection.3.2}% 13
\BOOKMARK [3][-]{subsubsection.3.2.2}{Linear Regression}{subsection.3.2}% 14
\BOOKMARK [3][-]{subsubsection.3.2.3}{Support Vector Machine}{subsection.3.2}% 15
\BOOKMARK [3][-]{subsubsection.3.2.4}{Naive Bayes}{subsection.3.2}% 16
\BOOKMARK [3][-]{subsubsection.3.2.5}{Neural Network with Single Hidden Layer}{subsection.3.2}% 17
\BOOKMARK [3][-]{subsubsection.3.2.6}{Neural Network with Two Hidden Layers}{subsection.3.2}% 18
\BOOKMARK [1][-]{section.4}{Known Bugs}{}% 19
\BOOKMARK [1][-]{section.5}{Future Work}{}% 20
\BOOKMARK [2][-]{subsection.5.1}{Suggesting Study Material}{section.5}% 21
\BOOKMARK [2][-]{subsection.5.2}{Noise Removal}{section.5}% 22
\BOOKMARK [2][-]{subsection.5.3}{More Intelligent Performance Prediction}{section.5}% 23
\BOOKMARK [1][-]{section*.10}{References}{}% 24
