This is pdfTeX, Version 3.14159265-2.6-1.40.15 (TeX Live 2015/dev/Debian) (preloaded format=pdflatex 2015.7.1)  14 JUL 2015 21:55
entering extended mode
 restricted \write18 enabled.
 %&-line parsing enabled.
**Report.tex
(./Report.tex
LaTeX2e <2014/05/01>
Babel <3.9l> and hyphenation patterns for 2 languages loaded.
(/usr/share/texlive/texmf-dist/tex/latex/base/article.cls
Document Class: article 2014/09/29 v1.4h Standard LaTeX document class
(/usr/share/texlive/texmf-dist/tex/latex/base/size12.clo
File: size12.clo 2014/09/29 v1.4h Standard LaTeX file (size option)
)
\c@part=\count79
\c@section=\count80
\c@subsection=\count81
\c@subsubsection=\count82
\c@paragraph=\count83
\c@subparagraph=\count84
\c@figure=\count85
\c@table=\count86
\abovecaptionskip=\skip41
\belowcaptionskip=\skip42
\bibindent=\dimen102
)
(/usr/share/texlive/texmf-dist/tex/latex/tools/multicol.sty
Package: multicol 2014/10/28 v1.8i multicolumn formatting (FMi)
\c@tracingmulticols=\count87
\mult@box=\box26
\multicol@leftmargin=\dimen103
\c@unbalance=\count88
\c@collectmore=\count89
\doublecol@number=\count90
\multicoltolerance=\count91
\multicolpretolerance=\count92
\full@width=\dimen104
\page@free=\dimen105
\premulticols=\dimen106
\postmulticols=\dimen107
\multicolsep=\skip43
\multicolbaselineskip=\skip44
\partial@page=\box27
\last@line=\box28
\maxbalancingoverflow=\dimen108
\mult@rightbox=\box29
\mult@grightbox=\box30
\mult@gfirstbox=\box31
\mult@firstbox=\box32
\@tempa=\box33
\@tempa=\box34
\@tempa=\box35
\@tempa=\box36
\@tempa=\box37
\@tempa=\box38
\@tempa=\box39
\@tempa=\box40
\@tempa=\box41
\@tempa=\box42
\@tempa=\box43
\@tempa=\box44
\@tempa=\box45
\@tempa=\box46
\@tempa=\box47
\@tempa=\box48
\@tempa=\box49
\c@columnbadness=\count93
\c@finalcolumnbadness=\count94
\last@try=\dimen109
\multicolovershoot=\dimen110
\multicolundershoot=\dimen111
\mult@nat@firstbox=\box50
\colbreak@box=\box51
\mc@col@check@num=\count95
)
(/usr/share/texlive/texmf-dist/tex/latex/geometry/geometry.sty
Package: geometry 2010/09/12 v5.6 Page Geometry

(/usr/share/texlive/texmf-dist/tex/latex/graphics/keyval.sty
Package: keyval 2014/05/08 v1.15 key=value parser (DPC)
\KV@toks@=\toks14
)
(/usr/share/texlive/texmf-dist/tex/generic/oberdiek/ifpdf.sty
Package: ifpdf 2011/01/30 v2.3 Provides the ifpdf switch (HO)
Package ifpdf Info: pdfTeX in PDF mode is detected.
)
(/usr/share/texlive/texmf-dist/tex/generic/oberdiek/ifvtex.sty
Package: ifvtex 2010/03/01 v1.5 Detect VTeX and its facilities (HO)
Package ifvtex Info: VTeX not detected.
)
(/usr/share/texlive/texmf-dist/tex/generic/ifxetex/ifxetex.sty
Package: ifxetex 2010/09/12 v0.6 Provides ifxetex conditional
)
\Gm@cnth=\count96
\Gm@cntv=\count97
\c@Gm@tempcnt=\count98
\Gm@bindingoffset=\dimen112
\Gm@wd@mp=\dimen113
\Gm@odd@mp=\dimen114
\Gm@even@mp=\dimen115
\Gm@layoutwidth=\dimen116
\Gm@layoutheight=\dimen117
\Gm@layouthoffset=\dimen118
\Gm@layoutvoffset=\dimen119
\Gm@dimlist=\toks15
)
(/usr/share/texlive/texmf-dist/tex/latex/graphics/graphicx.sty
Package: graphicx 2014/04/25 v1.0g Enhanced LaTeX Graphics (DPC,SPQR)

(/usr/share/texlive/texmf-dist/tex/latex/graphics/graphics.sty
Package: graphics 2009/02/05 v1.0o Standard LaTeX Graphics (DPC,SPQR)

(/usr/share/texlive/texmf-dist/tex/latex/graphics/trig.sty
Package: trig 1999/03/16 v1.09 sin cos tan (DPC)
)
(/usr/share/texlive/texmf-dist/tex/latex/latexconfig/graphics.cfg
File: graphics.cfg 2010/04/23 v1.9 graphics configuration of TeX Live
)
Package graphics Info: Driver file: pdftex.def on input line 91.

(/usr/share/texlive/texmf-dist/tex/latex/pdftex-def/pdftex.def
File: pdftex.def 2011/05/27 v0.06d Graphics/color for pdfTeX

(/usr/share/texlive/texmf-dist/tex/generic/oberdiek/infwarerr.sty
Package: infwarerr 2010/04/08 v1.3 Providing info/warning/error messages (HO)
)
(/usr/share/texlive/texmf-dist/tex/generic/oberdiek/ltxcmds.sty
Package: ltxcmds 2011/11/09 v1.22 LaTeX kernel commands for general use (HO)
)
\Gread@gobject=\count99
))
\Gin@req@height=\dimen120
\Gin@req@width=\dimen121
)
(/usr/share/texlive/texmf-dist/tex/latex/tools/array.sty
Package: array 2014/10/28 v2.4c Tabular extension package (FMi)
\col@sep=\dimen122
\extrarowheight=\dimen123
\NC@list=\toks16
\extratabsurround=\skip45
\backup@length=\skip46
)
(/usr/share/texlive/texmf-dist/tex/latex/hyperref/hyperref.sty
Package: hyperref 2012/11/06 v6.83m Hypertext links for LaTeX

(/usr/share/texlive/texmf-dist/tex/generic/oberdiek/hobsub-hyperref.sty
Package: hobsub-hyperref 2012/05/28 v1.13 Bundle oberdiek, subset hyperref (HO)


(/usr/share/texlive/texmf-dist/tex/generic/oberdiek/hobsub-generic.sty
Package: hobsub-generic 2012/05/28 v1.13 Bundle oberdiek, subset generic (HO)
Package: hobsub 2012/05/28 v1.13 Construct package bundles (HO)
Package hobsub Info: Skipping package `infwarerr' (already loaded).
Package hobsub Info: Skipping package `ltxcmds' (already loaded).
Package: ifluatex 2010/03/01 v1.3 Provides the ifluatex switch (HO)
Package ifluatex Info: LuaTeX not detected.
Package hobsub Info: Skipping package `ifvtex' (already loaded).
Package: intcalc 2007/09/27 v1.1 Expandable calculations with integers (HO)
Package hobsub Info: Skipping package `ifpdf' (already loaded).
Package: etexcmds 2011/02/16 v1.5 Avoid name clashes with e-TeX commands (HO)
Package etexcmds Info: Could not find \expanded.
(etexcmds)             That can mean that you are not using pdfTeX 1.50 or
(etexcmds)             that some package has redefined \expanded.
(etexcmds)             In the latter case, load this package earlier.
Package: kvsetkeys 2012/04/25 v1.16 Key value parser (HO)
Package: kvdefinekeys 2011/04/07 v1.3 Define keys (HO)
Package: pdftexcmds 2011/11/29 v0.20 Utility functions of pdfTeX for LuaTeX (HO
)
Package pdftexcmds Info: LuaTeX not detected.
Package pdftexcmds Info: \pdf@primitive is available.
Package pdftexcmds Info: \pdf@ifprimitive is available.
Package pdftexcmds Info: \pdfdraftmode found.
Package: pdfescape 2011/11/25 v1.13 Implements pdfTeX's escape features (HO)
Package: bigintcalc 2012/04/08 v1.3 Expandable calculations on big integers (HO
)
Package: bitset 2011/01/30 v1.1 Handle bit-vector datatype (HO)
Package: uniquecounter 2011/01/30 v1.2 Provide unlimited unique counter (HO)
)
Package hobsub Info: Skipping package `hobsub' (already loaded).
Package: letltxmacro 2010/09/02 v1.4 Let assignment for LaTeX macros (HO)
Package: hopatch 2012/05/28 v1.2 Wrapper for package hooks (HO)
Package: xcolor-patch 2011/01/30 xcolor patch
Package: atveryend 2011/06/30 v1.8 Hooks at the very end of document (HO)
Package atveryend Info: \enddocument detected (standard20110627).
Package: atbegshi 2011/10/05 v1.16 At begin shipout hook (HO)
Package: refcount 2011/10/16 v3.4 Data extraction from label references (HO)
Package: hycolor 2011/01/30 v1.7 Color options for hyperref/bookmark (HO)
)
(/usr/share/texlive/texmf-dist/tex/latex/oberdiek/auxhook.sty
Package: auxhook 2011/03/04 v1.3 Hooks for auxiliary files (HO)
)
(/usr/share/texlive/texmf-dist/tex/latex/oberdiek/kvoptions.sty
Package: kvoptions 2011/06/30 v3.11 Key value format for package options (HO)
)
\@linkdim=\dimen124
\Hy@linkcounter=\count100
\Hy@pagecounter=\count101

(/usr/share/texlive/texmf-dist/tex/latex/hyperref/pd1enc.def
File: pd1enc.def 2012/11/06 v6.83m Hyperref: PDFDocEncoding definition (HO)
)
\Hy@SavedSpaceFactor=\count102

(/usr/share/texlive/texmf-dist/tex/latex/latexconfig/hyperref.cfg
File: hyperref.cfg 2002/06/06 v1.2 hyperref configuration of TeXLive
)
Package hyperref Info: Hyper figures OFF on input line 4443.
Package hyperref Info: Link nesting OFF on input line 4448.
Package hyperref Info: Hyper index ON on input line 4451.
Package hyperref Info: Plain pages OFF on input line 4458.
Package hyperref Info: Backreferencing OFF on input line 4463.
Package hyperref Info: Implicit mode ON; LaTeX internals redefined.
Package hyperref Info: Bookmarks ON on input line 4688.
\c@Hy@tempcnt=\count103

(/usr/share/texlive/texmf-dist/tex/latex/url/url.sty
\Urlmuskip=\muskip10
Package: url 2013/09/16  ver 3.4  Verb mode for urls, etc.
)
LaTeX Info: Redefining \url on input line 5041.
\XeTeXLinkMargin=\dimen125
\Fld@menulength=\count104
\Field@Width=\dimen126
\Fld@charsize=\dimen127
Package hyperref Info: Hyper figures OFF on input line 6295.
Package hyperref Info: Link nesting OFF on input line 6300.
Package hyperref Info: Hyper index ON on input line 6303.
Package hyperref Info: backreferencing OFF on input line 6310.
Package hyperref Info: Link coloring OFF on input line 6315.
Package hyperref Info: Link coloring with OCG OFF on input line 6320.
Package hyperref Info: PDF/A mode OFF on input line 6325.
LaTeX Info: Redefining \ref on input line 6365.
LaTeX Info: Redefining \pageref on input line 6369.
\Hy@abspage=\count105
\c@Item=\count106
\c@Hfootnote=\count107
)

Package hyperref Message: Driver (autodetected): hpdftex.

(/usr/share/texlive/texmf-dist/tex/latex/hyperref/hpdftex.def
File: hpdftex.def 2012/11/06 v6.83m Hyperref driver for pdfTeX
\Fld@listcount=\count108
\c@bookmark@seq@number=\count109

(/usr/share/texlive/texmf-dist/tex/latex/oberdiek/rerunfilecheck.sty
Package: rerunfilecheck 2011/04/15 v1.7 Rerun checks for auxiliary files (HO)
Package uniquecounter Info: New unique counter `rerunfilecheck' on input line 2
82.
)
\Hy@SectionHShift=\skip47
)
(/usr/share/texmf/tex/latex/etoolbox/etoolbox.sty
Package: etoolbox 2011/01/03 v2.1 e-TeX tools for LaTeX

(/usr/share/texlive/texmf-dist/tex/latex/etex-pkg/etex.sty
Package: etex 1998/03/26 v2.0 eTeX basic definition package (PEB)
\et@xins=\count110
)
\etb@tempcnta=\count111
)
(/usr/share/texlive/texmf-dist/tex/latex/biblatex/biblatex.sty
Package: biblatex 2014/06/25 v2.9a programmable bibliographies (PK/JW/AB)


Package biblatex Warning: No "backend" specified, using Biber backend.
(biblatex)                To use BibTeX, load biblatex with 
(biblatex)                the "backend=bibtex" option.

(/usr/share/texlive/texmf-dist/tex/latex/biblatex/biblatex2.sty
Package: biblatex2 2014/06/25 v2.9a programmable bibliographies (biber) (PK/JW/
AB)

(/usr/share/texlive/texmf-dist/tex/latex/logreq/logreq.sty
Package: logreq 2010/08/04 v1.0 xml request logger
\lrq@indent=\count112

(/usr/share/texlive/texmf-dist/tex/latex/logreq/logreq.def
File: logreq.def 2010/08/04 v1.0 logreq spec v1.0
))
(/usr/share/texlive/texmf-dist/tex/latex/base/ifthen.sty
Package: ifthen 2014/09/29 v1.1c Standard LaTeX ifthen package (DPC)
)
\c@tabx@nest=\count113
\c@listtotal=\count114
\c@listcount=\count115
\c@liststart=\count116
\c@liststop=\count117
\c@citecount=\count118
\c@citetotal=\count119
\c@multicitecount=\count120
\c@multicitetotal=\count121
\c@instcount=\count122
\c@maxnames=\count123
\c@minnames=\count124
\c@maxitems=\count125
\c@minitems=\count126
\c@citecounter=\count127
\c@savedcitecounter=\count128
\c@uniquelist=\count129
\c@uniquename=\count130
\c@refsection=\count131
\c@refsegment=\count132
\c@maxextratitle=\count133
\c@maxextratitleyear=\count134
\c@maxextrayear=\count135
\c@maxextraalpha=\count136
\c@abbrvpenalty=\count137
\c@highnamepenalty=\count138
\c@lownamepenalty=\count139
\c@maxparens=\count140
\c@parenlevel=\count141
\blx@tempcnta=\count142
\blx@tempcntb=\count143
\blx@tempcntc=\count144
\blx@maxsection=\count145
\blx@maxsegment@0=\count146
\blx@notetype=\count147
\blx@parenlevel@text=\count148
\blx@parenlevel@foot=\count149
\blx@sectionciteorder@0=\count150
\labelnumberwidth=\skip48
\labelalphawidth=\skip49
\biblabelsep=\skip50
\bibitemsep=\skip51
\bibnamesep=\skip52
\bibinitsep=\skip53
\bibparsep=\skip54
\bibhang=\skip55
\blx@bcfin=\read1
\blx@bcfout=\write3
\c@mincomprange=\count151
\c@maxcomprange=\count152
\c@mincompwidth=\count153
Package biblatex Info: Trying to load biblatex default data model...
Package biblatex Info: ... file 'blx-dm.def' found.

(/usr/share/texlive/texmf-dist/tex/latex/biblatex/blx-dm.def)
Package biblatex Info: Trying to load biblatex custom data model...
Package biblatex Info: ... file 'biblatex-dm.cfg' not found.
\c@afterword=\count154
\c@savedafterword=\count155
\c@annotator=\count156
\c@savedannotator=\count157
\c@author=\count158
\c@savedauthor=\count159
\c@bookauthor=\count160
\c@savedbookauthor=\count161
\c@commentator=\count162
\c@savedcommentator=\count163
\c@editor=\count164
\c@savededitor=\count165
\c@editora=\count166
\c@savededitora=\count167
\c@editorb=\count168
\c@savededitorb=\count169
\c@editorc=\count170
\c@savededitorc=\count171
\c@foreword=\count172
\c@savedforeword=\count173
\c@holder=\count174
\c@savedholder=\count175
\c@introduction=\count176
\c@savedintroduction=\count177
\c@namea=\count178
\c@savednamea=\count179
\c@nameb=\count180
\c@savednameb=\count181
\c@namec=\count182
\c@savednamec=\count183
\c@translator=\count184
\c@savedtranslator=\count185
\c@shortauthor=\count186
\c@savedshortauthor=\count187
\c@shorteditor=\count188
\c@savedshorteditor=\count189
\c@labelname=\count190
\c@savedlabelname=\count191
\c@institution=\count192
\c@savedinstitution=\count193
\c@lista=\count194
\c@savedlista=\count195
\c@listb=\count196
\c@savedlistb=\count197
\c@listc=\count198
\c@savedlistc=\count199
\c@listd=\count200
\c@savedlistd=\count201
\c@liste=\count202
\c@savedliste=\count203
\c@listf=\count204
\c@savedlistf=\count205
\c@location=\count206
\c@savedlocation=\count207
\c@organization=\count208
\c@savedorganization=\count209
\c@origlocation=\count210
\c@savedoriglocation=\count211
\c@origpublisher=\count212
\c@savedorigpublisher=\count213
\c@publisher=\count214
\c@savedpublisher=\count215
\c@language=\count216
\c@savedlanguage=\count217
\c@pageref=\count218
\c@savedpageref=\count219
\shorthandwidth=\skip56
\shortjournalwidth=\skip57
\shortserieswidth=\skip58
\shorttitlewidth=\skip59
\shortauthorwidth=\skip60
\shorteditorwidth=\skip61
Package biblatex Info: Trying to load compatibility code...
Package biblatex Info: ... file 'blx-compat.def' found.

(/usr/share/texlive/texmf-dist/tex/latex/biblatex/blx-compat.def
File: blx-compat.def 2014/06/25 v2.9a biblatex compatibility (PK/JW/AB)
)
Package biblatex Info: Trying to load generic definitions...
Package biblatex Info: ... file 'biblatex.def' found.

(/usr/share/texlive/texmf-dist/tex/latex/biblatex/biblatex.def
File: biblatex.def 
\c@textcitecount=\count220
\c@textcitetotal=\count221
\c@textcitemaxnames=\count222
\c@biburlnumpenalty=\count223
\c@biburlucpenalty=\count224
\c@biburllcpenalty=\count225
\c@smartand=\count226
)
Package biblatex Info: Trying to load bibliography style 'numeric'...
Package biblatex Info: ... file 'numeric.bbx' found.

(/usr/share/texlive/texmf-dist/tex/latex/biblatex/bbx/numeric.bbx
File: numeric.bbx 2014/06/25 v2.9a biblatex bibliography style (PK/JW/AB)
Package biblatex Info: Trying to load bibliography style 'standard'...
Package biblatex Info: ... file 'standard.bbx' found.

(/usr/share/texlive/texmf-dist/tex/latex/biblatex/bbx/standard.bbx
File: standard.bbx 2014/06/25 v2.9a biblatex bibliography style (PK/JW/AB)
\c@bbx:relatedcount=\count227
\c@bbx:relatedtotal=\count228
))
Package biblatex Info: Trying to load citation style 'numeric'...
Package biblatex Info: ... file 'numeric.cbx' found.

(/usr/share/texlive/texmf-dist/tex/latex/biblatex/cbx/numeric.cbx
File: numeric.cbx 2014/06/25 v2.9a biblatex citation style (PK/JW/AB)
Package biblatex Info: Redefining '\cite'.
Package biblatex Info: Redefining '\parencite'.
Package biblatex Info: Redefining '\footcite'.
Package biblatex Info: Redefining '\footcitetext'.
Package biblatex Info: Redefining '\smartcite'.
Package biblatex Info: Redefining '\supercite'.
Package biblatex Info: Redefining '\textcite'.
Package biblatex Info: Redefining '\textcites'.
Package biblatex Info: Redefining '\cites'.
Package biblatex Info: Redefining '\parencites'.
Package biblatex Info: Redefining '\smartcites'.
)
Package biblatex Info: Trying to load configuration file...
Package biblatex Info: ... file 'biblatex.cfg' found.

(/usr/share/texlive/texmf-dist/tex/latex/biblatex/biblatex.cfg
File: biblatex.cfg 
)))
Package biblatex Info: Trying to load language 'english'...
Package biblatex Info: ... file 'english.lbx' found.

(/usr/share/texlive/texmf-dist/tex/latex/biblatex/lbx/english.lbx
File: english.lbx 2014/06/25 v2.9a biblatex localization (PK/JW/AB)
)
\@quotelevel=\count229
\@quotereset=\count230

(./Report.aux)
\openout1 = `Report.aux'.

LaTeX Font Info:    Checking defaults for OML/cmm/m/it on input line 24.
LaTeX Font Info:    ... okay on input line 24.
LaTeX Font Info:    Checking defaults for T1/cmr/m/n on input line 24.
LaTeX Font Info:    ... okay on input line 24.
LaTeX Font Info:    Checking defaults for OT1/cmr/m/n on input line 24.
LaTeX Font Info:    ... okay on input line 24.
LaTeX Font Info:    Checking defaults for OMS/cmsy/m/n on input line 24.
LaTeX Font Info:    ... okay on input line 24.
LaTeX Font Info:    Checking defaults for OMX/cmex/m/n on input line 24.
LaTeX Font Info:    ... okay on input line 24.
LaTeX Font Info:    Checking defaults for U/cmr/m/n on input line 24.
LaTeX Font Info:    ... okay on input line 24.
LaTeX Font Info:    Checking defaults for PD1/pdf/m/n on input line 24.
LaTeX Font Info:    ... okay on input line 24.

*geometry* driver: auto-detecting
*geometry* detected driver: pdftex
*geometry* verbose mode - [ preamble ] result:
* driver: pdftex
* paper: a4paper
* layout: <same size as paper>
* layoutoffset:(h,v)=(0.0pt,0.0pt)
* modes: 
* h-part:(L,W,R)=(72.26999pt, 452.9679pt, 72.26999pt)
* v-part:(T,H,B)=(72.26999pt, 700.50687pt, 72.26999pt)
* \paperwidth=597.50787pt
* \paperheight=845.04684pt
* \textwidth=452.9679pt
* \textheight=700.50687pt
* \oddsidemargin=0.0pt
* \evensidemargin=0.0pt
* \topmargin=-37.0pt
* \headheight=12.0pt
* \headsep=25.0pt
* \topskip=12.0pt
* \footskip=30.0pt
* \marginparwidth=44.0pt
* \marginparsep=10.0pt
* \columnsep=10.0pt
* \skip\footins=10.8pt plus 4.0pt minus 2.0pt
* \hoffset=0.0pt
* \voffset=0.0pt
* \mag=1000
* \@twocolumnfalse
* \@twosidefalse
* \@mparswitchfalse
* \@reversemarginfalse
* (1in=72.27pt=25.4mm, 1cm=28.453pt)

(/usr/share/texlive/texmf-dist/tex/context/base/supp-pdf.mkii
[Loading MPS to PDF converter (version 2006.09.02).]
\scratchcounter=\count231
\scratchdimen=\dimen128
\scratchbox=\box52
\nofMPsegments=\count232
\nofMParguments=\count233
\everyMPshowfont=\toks17
Normal \count register pool exhausted, switching to extended pool.
\MPscratchCnt=\count277
\MPscratchDim=\dimen129
\MPnumerator=\count278
\makeMPintoPDFobject=\count279
\everyMPtoPDFconversion=\toks18
) (/usr/share/texlive/texmf-dist/tex/latex/oberdiek/epstopdf-base.sty
Package: epstopdf-base 2010/02/09 v2.5 Base part for package epstopdf

(/usr/share/texlive/texmf-dist/tex/latex/oberdiek/grfext.sty
Package: grfext 2010/08/19 v1.1 Manage graphics extensions (HO)
)
Package grfext Info: Graphics extension search list:
(grfext)             [.png,.pdf,.jpg,.mps,.jpeg,.jbig2,.jb2,.PNG,.PDF,.JPG,.JPE
G,.JBIG2,.JB2,.eps]
(grfext)             \AppendGraphicsExtensions on input line 452.

(/usr/share/texlive/texmf-dist/tex/latex/latexconfig/epstopdf-sys.cfg
File: epstopdf-sys.cfg 2010/07/13 v1.3 Configuration of (r)epstopdf for TeX Liv
e
))
\AtBeginShipoutBox=\box53
Package hyperref Info: Link coloring OFF on input line 24.

(/usr/share/texlive/texmf-dist/tex/latex/hyperref/nameref.sty
Package: nameref 2012/10/27 v2.43 Cross-referencing by name of section

(/usr/share/texlive/texmf-dist/tex/generic/oberdiek/gettitlestring.sty
Package: gettitlestring 2010/12/03 v1.4 Cleanup title references (HO)
)
\c@section@level=\count280
)
LaTeX Info: Redefining \ref on input line 24.
LaTeX Info: Redefining \pageref on input line 24.
LaTeX Info: Redefining \nameref on input line 24.

(./Report.out) (./Report.out)
\@outlinefile=\write4
\openout4 = `Report.out'.

Package biblatex Info: No input encoding detected.
(biblatex)             Assuming 'ascii'.
Package biblatex Info: Automatic encoding selection.
(biblatex)             Assuming data encoding 'ascii'.
\openout3 = `Report.bcf'.

Package biblatex Info: Trying to load bibliographic data...
Package biblatex Info: ... file 'Report.bbl' found.
 (./Report.bbl)
Package biblatex Info: Reference section=0 on input line 24.
Package biblatex Info: Reference segment=0 on input line 24.
 [1

{/var/lib/texmf/fonts/map/pdftex/updmap/pdftex.map}] (./Report.toc
LaTeX Font Info:    External font `cmex10' loaded for size
(Font)              <12> on input line 5.
LaTeX Font Info:    External font `cmex10' loaded for size
(Font)              <8> on input line 5.
LaTeX Font Info:    External font `cmex10' loaded for size
(Font)              <6> on input line 5.
)
\tf@toc=\write5
\openout5 = `Report.toc'.

pdfTeX warning (ext4): destination with the same identifier (name{page.1}) has 
been already used, duplicate ignored
<to be read again> 
                   \relax 
l.59 	\newpage
               [1] [2]
Underfull \hbox (badness 10000) in paragraph at lines 100--104

 []

[3] <images/ClusteringOutput.png, id=149, 764.8575pt x 355.3275pt>
File: images/ClusteringOutput.png Graphic file (type png)

<use images/ClusteringOutput.png>
Package pdftex.def Info: images/ClusteringOutput.png used on input line 156.
(pdftex.def)             Requested size: 452.9679pt x 210.43298pt.

Overfull \hbox (1.59866pt too wide) in paragraph at lines 163--163
[]|\OT1/cmr/bx/n/12 Median| 
 []


Underfull \hbox (badness 10000) in paragraph at lines 165--165
[]|\OT1/cmr/bx/n/12 Easy
 []


Overfull \hbox (0.5957pt too wide) in paragraph at lines 165--165
\OT1/cmr/bx/n/12 Medium
 []


Underfull \hbox (badness 10000) in paragraph at lines 165--165
[]|\OT1/cmr/m/n/12 -0.515
 []


Underfull \hbox (badness 10000) in paragraph at lines 165--165
\OT1/cmr/m/n/12 -1.359
 []


Underfull \hbox (badness 10000) in paragraph at lines 165--165
[]|\OT1/cmr/m/n/12 0.842
 []


Underfull \hbox (badness 10000) in paragraph at lines 165--165
\OT1/cmr/m/n/12 -0.470
 []


Underfull \hbox (badness 10000) in paragraph at lines 165--165
[]|\OT1/cmr/m/n/12 1.370
 []


Underfull \hbox (badness 10000) in paragraph at lines 165--165
\OT1/cmr/m/n/12 -0.106
 []


Underfull \hbox (badness 10000) in paragraph at lines 165--165
[]|\OT1/cmr/m/n/12 1.818
 []


Underfull \hbox (badness 10000) in paragraph at lines 165--165
\OT1/cmr/m/n/12 0.373
 []


Underfull \hbox (badness 10000) in paragraph at lines 165--165
[]|\OT1/cmr/m/n/12 2.934
 []


Underfull \hbox (badness 10000) in paragraph at lines 165--165
\OT1/cmr/m/n/12 1.813
 []


Underfull \hbox (badness 10000) in paragraph at lines 165--166
[]|\OT1/cmr/m/n/12 1.318
 []


Underfull \hbox (badness 10000) in paragraph at lines 165--166
\OT1/cmr/m/n/12 -0.031
 []


Underfull \hbox (badness 10000) in paragraph at lines 167--167
[]|\OT1/cmr/bx/n/12 Easy
 []


Overfull \hbox (0.5957pt too wide) in paragraph at lines 167--167
\OT1/cmr/bx/n/12 Medium
 []


Underfull \hbox (badness 10000) in paragraph at lines 167--167
[]|\OT1/cmr/m/n/12 -0.342
 []


Underfull \hbox (badness 10000) in paragraph at lines 167--167
\OT1/cmr/m/n/12 -0.842
 []


Underfull \hbox (badness 10000) in paragraph at lines 167--167
[]|\OT1/cmr/m/n/12 0.962
 []


Underfull \hbox (badness 10000) in paragraph at lines 167--167
\OT1/cmr/m/n/12 -0.018
 []


Underfull \hbox (badness 10000) in paragraph at lines 167--167
[]|\OT1/cmr/m/n/12 1.159
 []


Underfull \hbox (badness 10000) in paragraph at lines 167--167
\OT1/cmr/m/n/12 0.409
 []


Underfull \hbox (badness 10000) in paragraph at lines 167--167
[]|\OT1/cmr/m/n/12 1.159
 []


Underfull \hbox (badness 10000) in paragraph at lines 167--167
\OT1/cmr/m/n/12 0.730
 []


Underfull \hbox (badness 10000) in paragraph at lines 167--167
[]|\OT1/cmr/m/n/12 1.159
 []


Underfull \hbox (badness 10000) in paragraph at lines 167--167
\OT1/cmr/m/n/12 1.159
 []


Underfull \hbox (badness 10000) in paragraph at lines 167--168
[]|\OT1/cmr/m/n/12 1.018
 []


Underfull \hbox (badness 10000) in paragraph at lines 167--168
\OT1/cmr/m/n/12 0.377
 []


Underfull \hbox (badness 10000) in paragraph at lines 169--169
[]|\OT1/cmr/bx/n/12 Easy
 []


Overfull \hbox (0.5957pt too wide) in paragraph at lines 169--169
\OT1/cmr/bx/n/12 Medium
 []


Underfull \hbox (badness 10000) in paragraph at lines 169--169
[]|\OT1/cmr/m/n/12 -4.498
 []


Underfull \hbox (badness 10000) in paragraph at lines 169--169
\OT1/cmr/m/n/12 -1.667
 []


Underfull \hbox (badness 10000) in paragraph at lines 169--169
[]|\OT1/cmr/m/n/12 -1.631
 []


Underfull \hbox (badness 10000) in paragraph at lines 169--169
\OT1/cmr/m/n/12 -0.339
 []


Underfull \hbox (badness 10000) in paragraph at lines 169--169
[]|\OT1/cmr/m/n/12 -1.091
 []


Underfull \hbox (badness 10000) in paragraph at lines 169--169
\OT1/cmr/m/n/12 0.028
 []


Underfull \hbox (badness 10000) in paragraph at lines 169--169
[]|\OT1/cmr/m/n/12 -0.623
 []


Underfull \hbox (badness 10000) in paragraph at lines 169--169
\OT1/cmr/m/n/12 0.479
 []


Underfull \hbox (badness 10000) in paragraph at lines 169--169
[]|\OT1/cmr/m/n/12 1.104
 []


Underfull \hbox (badness 10000) in paragraph at lines 169--169
\OT1/cmr/m/n/12 2.620
 []


Underfull \hbox (badness 10000) in paragraph at lines 169--170
[]|\OT1/cmr/m/n/12 -1.134
 []


Underfull \hbox (badness 10000) in paragraph at lines 169--170
\OT1/cmr/m/n/12 0.093
 []

[4 <./images/ClusteringOutput.png>]
<images/CompetitiveOutput.png, id=163, 764.8575pt x 355.3275pt>
File: images/CompetitiveOutput.png Graphic file (type png)

<use images/CompetitiveOutput.png>
Package pdftex.def Info: images/CompetitiveOutput.png used on input line 196.
(pdftex.def)             Requested size: 452.9679pt x 210.43298pt.

Overfull \hbox (1.59866pt too wide) in paragraph at lines 203--203
[]|\OT1/cmr/bx/n/12 Median| 
 []


Underfull \hbox (badness 10000) in paragraph at lines 205--205
[]|\OT1/cmr/bx/n/12 Easy
 []


Overfull \hbox (0.5957pt too wide) in paragraph at lines 205--205
\OT1/cmr/bx/n/12 Medium
 []


Underfull \hbox (badness 10000) in paragraph at lines 205--205
[]|\OT1/cmr/m/n/12 0.234
 []


Underfull \hbox (badness 10000) in paragraph at lines 205--205
\OT1/cmr/m/n/12 -1.503
 []


Underfull \hbox (badness 10000) in paragraph at lines 205--205
[]|\OT1/cmr/m/n/12 0.652
 []


Underfull \hbox (badness 10000) in paragraph at lines 205--205
\OT1/cmr/m/n/12 -0.695
 []


Underfull \hbox (badness 10000) in paragraph at lines 205--205
[]|\OT1/cmr/m/n/12 1.051
 []


Underfull \hbox (badness 10000) in paragraph at lines 205--205
\OT1/cmr/m/n/12 -0.419
 []


Underfull \hbox (badness 10000) in paragraph at lines 205--205
[]|\OT1/cmr/m/n/12 1.580
 []


Underfull \hbox (badness 10000) in paragraph at lines 205--205
\OT1/cmr/m/n/12 -0.096
 []


Underfull \hbox (badness 10000) in paragraph at lines 205--205
[]|\OT1/cmr/m/n/12 2.934
 []


Underfull \hbox (badness 10000) in paragraph at lines 205--205
\OT1/cmr/m/n/12 0.324
 []


Underfull \hbox (badness 10000) in paragraph at lines 205--206
[]|\OT1/cmr/m/n/12 1.169
 []


Underfull \hbox (badness 10000) in paragraph at lines 205--206
\OT1/cmr/m/n/12 -0.412
 []


Underfull \hbox (badness 10000) in paragraph at lines 207--207
[]|\OT1/cmr/bx/n/12 Easy
 []


Overfull \hbox (0.5957pt too wide) in paragraph at lines 207--207
\OT1/cmr/bx/n/12 Medium
 []


Underfull \hbox (badness 10000) in paragraph at lines 207--207
[]|\OT1/cmr/m/n/12 -0.642
 []


Underfull \hbox (badness 10000) in paragraph at lines 207--207
\OT1/cmr/m/n/12 -0.556
 []


Underfull \hbox (badness 10000) in paragraph at lines 207--207
[]|\OT1/cmr/m/n/12 0.492
 []


Underfull \hbox (badness 10000) in paragraph at lines 207--207
\OT1/cmr/m/n/12 -0.042
 []


Underfull \hbox (badness 10000) in paragraph at lines 207--207
[]|\OT1/cmr/m/n/12 1.159
 []


Underfull \hbox (badness 10000) in paragraph at lines 207--207
\OT1/cmr/m/n/12 0.409
 []


Underfull \hbox (badness 10000) in paragraph at lines 207--207
[]|\OT1/cmr/m/n/12 1.159
 []


Underfull \hbox (badness 10000) in paragraph at lines 207--207
\OT1/cmr/m/n/12 0.859
 []


Underfull \hbox (badness 10000) in paragraph at lines 207--207
[]|\OT1/cmr/m/n/12 1.159
 []


Underfull \hbox (badness 10000) in paragraph at lines 207--207
\OT1/cmr/m/n/12 1.159
 []


Underfull \hbox (badness 10000) in paragraph at lines 207--208
[]|\OT1/cmr/m/n/12 0.804
 []


Underfull \hbox (badness 10000) in paragraph at lines 207--208
\OT1/cmr/m/n/12 0.392
 []

[5 <./images/CompetitiveOutput.png>]
<images/EMOutput.png, id=172, 764.8575pt x 355.3275pt>
File: images/EMOutput.png Graphic file (type png)

<use images/EMOutput.png>
Package pdftex.def Info: images/EMOutput.png used on input line 235.
(pdftex.def)             Requested size: 452.9679pt x 210.43298pt.

Overfull \hbox (1.59866pt too wide) in paragraph at lines 242--242
[]|\OT1/cmr/bx/n/12 Median| 
 []


Underfull \hbox (badness 10000) in paragraph at lines 244--244
[]|\OT1/cmr/bx/n/12 Easy
 []


Overfull \hbox (0.5957pt too wide) in paragraph at lines 244--244
\OT1/cmr/bx/n/12 Medium
 []


Underfull \hbox (badness 10000) in paragraph at lines 244--244
[]|\OT1/cmr/m/n/12 0.355
 []


Underfull \hbox (badness 10000) in paragraph at lines 244--244
\OT1/cmr/m/n/12 -1.519
 []


Underfull \hbox (badness 10000) in paragraph at lines 244--244
[]|\OT1/cmr/m/n/12 0.986
 []


Underfull \hbox (badness 10000) in paragraph at lines 244--244
\OT1/cmr/m/n/12 -0.671
 []


Underfull \hbox (badness 10000) in paragraph at lines 244--244
[]|\OT1/cmr/m/n/12 1.412
 []


Underfull \hbox (badness 10000) in paragraph at lines 244--244
\OT1/cmr/m/n/12 -0.265
 []


Underfull \hbox (badness 10000) in paragraph at lines 244--244
[]|\OT1/cmr/m/n/12 1.824
 []


Underfull \hbox (badness 10000) in paragraph at lines 244--244
\OT1/cmr/m/n/12 0.137
 []


Underfull \hbox (badness 10000) in paragraph at lines 244--244
[]|\OT1/cmr/m/n/12 2.934
 []


Underfull \hbox (badness 10000) in paragraph at lines 244--244
\OT1/cmr/m/n/12 1.485
 []


Underfull \hbox (badness 10000) in paragraph at lines 244--245
[]|\OT1/cmr/m/n/12 1.415
 []


Underfull \hbox (badness 10000) in paragraph at lines 244--245
\OT1/cmr/m/n/12 -0.271
 []


Underfull \hbox (badness 10000) in paragraph at lines 246--246
[]|\OT1/cmr/bx/n/12 Easy
 []


Overfull \hbox (0.5957pt too wide) in paragraph at lines 246--246
\OT1/cmr/bx/n/12 Medium
 []


Underfull \hbox (badness 10000) in paragraph at lines 246--246
[]|\OT1/cmr/m/n/12 0.068
 []


Underfull \hbox (badness 10000) in paragraph at lines 246--246
\OT1/cmr/m/n/12 -1.843
 []


Underfull \hbox (badness 10000) in paragraph at lines 246--246
[]|\OT1/cmr/m/n/12 0.559
 []


Underfull \hbox (badness 10000) in paragraph at lines 246--246
\OT1/cmr/m/n/12 -0.342
 []


Underfull \hbox (badness 10000) in paragraph at lines 246--246
[]|\OT1/cmr/m/n/12 0.971
 []


Underfull \hbox (badness 10000) in paragraph at lines 246--246
\OT1/cmr/m/n/12 0.159
 []


Underfull \hbox (badness 10000) in paragraph at lines 246--246
[]|\OT1/cmr/m/n/12 1.159
 []


Underfull \hbox (badness 10000) in paragraph at lines 246--246
\OT1/cmr/m/n/12 0.659
 []


Underfull \hbox (badness 10000) in paragraph at lines 246--246
[]|\OT1/cmr/m/n/12 1.159
 []


Underfull \hbox (badness 10000) in paragraph at lines 246--246
\OT1/cmr/m/n/12 1.159
 []


Underfull \hbox (badness 10000) in paragraph at lines 246--247
[]|\OT1/cmr/m/n/12 0.846
 []


Underfull \hbox (badness 10000) in paragraph at lines 246--247
\OT1/cmr/m/n/12 0.081
 []

[6 <./images/EMOutput.png>]
<images/WeightedClusteringOutput.png, id=182, 764.8575pt x 355.3275pt>
File: images/WeightedClusteringOutput.png Graphic file (type png)

<use images/WeightedClusteringOutput.png>
Package pdftex.def Info: images/WeightedClusteringOutput.png used on input line
 279.
(pdftex.def)             Requested size: 452.9679pt x 210.43298pt.

Overfull \hbox (1.59866pt too wide) in paragraph at lines 286--286
[]|\OT1/cmr/bx/n/12 Median| 
 []


Underfull \hbox (badness 10000) in paragraph at lines 288--288
[]|\OT1/cmr/bx/n/12 Easy
 []


Overfull \hbox (0.5957pt too wide) in paragraph at lines 288--288
\OT1/cmr/bx/n/12 Medium
 []


Underfull \hbox (badness 10000) in paragraph at lines 288--288
[]|\OT1/cmr/m/n/12 -0.515
 []


Underfull \hbox (badness 10000) in paragraph at lines 288--288
\OT1/cmr/m/n/12 -1.504
 []


Underfull \hbox (badness 10000) in paragraph at lines 288--288
[]|\OT1/cmr/m/n/12 0.907
 []


Underfull \hbox (badness 10000) in paragraph at lines 288--288
\OT1/cmr/m/n/12 -0.447
 []


Underfull \hbox (badness 10000) in paragraph at lines 288--288
[]|\OT1/cmr/m/n/12 1.424
 []


Underfull \hbox (badness 10000) in paragraph at lines 288--288
\OT1/cmr/m/n/12 -0.013
 []


Underfull \hbox (badness 10000) in paragraph at lines 288--288
[]|\OT1/cmr/m/n/12 1.851
 []


Underfull \hbox (badness 10000) in paragraph at lines 288--288
\OT1/cmr/m/n/12 0.483
 []


Underfull \hbox (badness 10000) in paragraph at lines 288--288
[]|\OT1/cmr/m/n/12 2.934
 []


Underfull \hbox (badness 10000) in paragraph at lines 288--288
\OT1/cmr/m/n/12 2.165
 []


Underfull \hbox (badness 10000) in paragraph at lines 288--289
[]|\OT1/cmr/m/n/12 1.380
 []


Underfull \hbox (badness 10000) in paragraph at lines 288--289
\OT1/cmr/m/n/12 0.040
 []


Underfull \hbox (badness 10000) in paragraph at lines 290--290
[]|\OT1/cmr/bx/n/12 Easy
 []


Overfull \hbox (0.5957pt too wide) in paragraph at lines 290--290
\OT1/cmr/bx/n/12 Medium
 []


Underfull \hbox (badness 10000) in paragraph at lines 290--290
[]|\OT1/cmr/m/n/12 -1.843
 []


Underfull \hbox (badness 10000) in paragraph at lines 290--290
\OT1/cmr/m/n/12 -1.843
 []


Underfull \hbox (badness 10000) in paragraph at lines 290--290
[]|\OT1/cmr/m/n/12 1.159
 []


Underfull \hbox (badness 10000) in paragraph at lines 290--290
\OT1/cmr/m/n/12 -0.183
 []


Underfull \hbox (badness 10000) in paragraph at lines 290--290
[]|\OT1/cmr/m/n/12 1.159
 []


Underfull \hbox (badness 10000) in paragraph at lines 290--290
\OT1/cmr/m/n/12 0.409
 []


Underfull \hbox (badness 10000) in paragraph at lines 290--290
[]|\OT1/cmr/m/n/12 1.159
 []


Underfull \hbox (badness 10000) in paragraph at lines 290--290
\OT1/cmr/m/n/12 0.826
 []


Underfull \hbox (badness 10000) in paragraph at lines 290--290
[]|\OT1/cmr/m/n/12 1.159
 []


Underfull \hbox (badness 10000) in paragraph at lines 290--290
\OT1/cmr/m/n/12 1.159
 []


Underfull \hbox (badness 10000) in paragraph at lines 290--291
[]|\OT1/cmr/m/n/12 1.020
 []


Underfull \hbox (badness 10000) in paragraph at lines 290--291
\OT1/cmr/m/n/12 0.238
 []


Underfull \hbox (badness 10000) in paragraph at lines 292--292
[]|\OT1/cmr/bx/n/12 Easy
 []


Overfull \hbox (0.5957pt too wide) in paragraph at lines 292--292
\OT1/cmr/bx/n/12 Medium
 []


Underfull \hbox (badness 10000) in paragraph at lines 292--292
[]|\OT1/cmr/m/n/12 -4.498
 []


Underfull \hbox (badness 10000) in paragraph at lines 292--292
\OT1/cmr/m/n/12 -1.850
 []


Underfull \hbox (badness 10000) in paragraph at lines 292--292
[]|\OT1/cmr/m/n/12 -1.733
 []


Underfull \hbox (badness 10000) in paragraph at lines 292--292
\OT1/cmr/m/n/12 -0.494
 []


Underfull \hbox (badness 10000) in paragraph at lines 292--292
[]|\OT1/cmr/m/n/12 -1.127
 []


Underfull \hbox (badness 10000) in paragraph at lines 292--292
\OT1/cmr/m/n/12 0.136
 []


Underfull \hbox (badness 10000) in paragraph at lines 292--292
[]|\OT1/cmr/m/n/12 -0.731
 []


Underfull \hbox (badness 10000) in paragraph at lines 292--292
\OT1/cmr/m/n/12 0.198
 []


Underfull \hbox (badness 10000) in paragraph at lines 292--292
[]|\OT1/cmr/m/n/12 0.481
 []


Underfull \hbox (badness 10000) in paragraph at lines 292--292
\OT1/cmr/m/n/12 1.979
 []


Underfull \hbox (badness 10000) in paragraph at lines 292--293
[]|\OT1/cmr/m/n/12 -1.227
 []


Underfull \hbox (badness 10000) in paragraph at lines 292--293
\OT1/cmr/m/n/12 -0.137
 []

[7 <./images/WeightedClusteringOutput.png>]
Underfull \hbox (badness 10000) in paragraph at lines 324--328

 []


Underfull \hbox (badness 10000) in paragraph at lines 329--333

 []


Underfull \hbox (badness 10000) in paragraph at lines 341--346

 []

[8]
Underfull \hbox (badness 10000) in paragraph at lines 359--364

 []


Underfull \hbox (badness 10000) in paragraph at lines 365--369

 []


Underfull \hbox (badness 10000) in paragraph at lines 370--376

 []


Underfull \hbox (badness 10000) in paragraph at lines 387--391

 []

<images/CorrectVsNaiveBayes.png, id=205, 842.39719pt x 366.61969pt>
File: images/CorrectVsNaiveBayes.png Graphic file (type png)

<use images/CorrectVsNaiveBayes.png>
Package pdftex.def Info: images/CorrectVsNaiveBayes.png used on input line 393.

(pdftex.def)             Requested size: 452.9679pt x 197.13815pt.
 [9 <./images/CorrectVsNaiveBayes.png>]
Underfull \hbox (badness 10000) in paragraph at lines 415--419

 []

<images/CorrectVsNN1.png, id=212, 842.39719pt x 366.61969pt>
File: images/CorrectVsNN1.png Graphic file (type png)

<use images/CorrectVsNN1.png>
Package pdftex.def Info: images/CorrectVsNN1.png used on input line 421.
(pdftex.def)             Requested size: 452.9679pt x 197.13815pt.

Underfull \hbox (badness 10000) in paragraph at lines 440--444

 []

<images/CorrectVsNN2.png, id=213, 842.39719pt x 366.61969pt>
File: images/CorrectVsNN2.png Graphic file (type png)

<use images/CorrectVsNN2.png>
Package pdftex.def Info: images/CorrectVsNN2.png used on input line 446.
(pdftex.def)             Requested size: 452.9679pt x 197.13815pt.


LaTeX Warning: `h' float specifier changed to `ht'.

[10 <./images/CorrectVsNN1.png>] [11 <./images/CorrectVsNN2.png>] [12]
Package atveryend Info: Empty hook `BeforeClearDocument' on input line 538.
 [13]
Package atveryend Info: Empty hook `AfterLastShipout' on input line 538.

(./Report.aux)
Package atveryend Info: Executing hook `AtVeryEndDocument' on input line 538.
Package atveryend Info: Executing hook `AtEndAfterFileList' on input line 538.
Package rerunfilecheck Info: File `Report.out' has not changed.
(rerunfilecheck)             Checksum: A3319CE8BF2D6469CF5F0A2C9C01A553;1700.
Package logreq Info: Writing requests to 'Report.run.xml'.
\openout1 = `Report.run.xml'.

Package atveryend Info: Empty hook `AtVeryVeryEnd' on input line 538.
 ) 
Here is how much of TeX's memory you used:
 11087 strings out of 495020
 179237 string characters out of 6181325
 598974 words of memory out of 5000000
 14113 multiletter control sequences out of 15000+600000
 10871 words of font info for 38 fonts, out of 8000000 for 9000
 14 hyphenation exceptions out of 8191
 35i,10n,49p,925b,966s stack positions out of 5000i,500n,10000p,200000b,80000s
</usr/share/texlive/texmf-dist/fonts/type1/public/amsfonts/cm/cmbx10.pfb></us
r/share/texlive/texmf-dist/fonts/type1/public/amsfonts/cm/cmbx12.pfb></usr/shar
e/texlive/texmf-dist/fonts/type1/public/amsfonts/cm/cmcsc10.pfb></usr/share/tex
live/texmf-dist/fonts/type1/public/amsfonts/cm/cmmi8.pfb></usr/share/texlive/te
xmf-dist/fonts/type1/public/amsfonts/cm/cmr10.pfb></usr/share/texlive/texmf-dis
t/fonts/type1/public/amsfonts/cm/cmr12.pfb></usr/share/texlive/texmf-dist/fonts
/type1/public/amsfonts/cm/cmr17.pfb></usr/share/texlive/texmf-dist/fonts/type1/
public/amsfonts/cm/cmti10.pfb></usr/share/texlive/texmf-dist/fonts/type1/public
/amsfonts/cm/cmti12.pfb></usr/share/texlive/texmf-dist/fonts/type1/public/amsfo
nts/cm/cmtt12.pfb>
Output written on Report.pdf (14 pages, 291441 bytes).
PDF statistics:
 312 PDF objects out of 1000 (max. 8388607)
 272 compressed objects within 3 object streams
 86 named destinations out of 1000 (max. 500000)
 228 words of extra memory for PDF output out of 10000 (max. 10000000)

